# JRE version: Java(TM) SE Runtime Environment (8.0_121-b13) (build 1.8.0_121-b13)
# Java VM: Java HotSpot(TM) 64-Bit Server VM (25.121-b13 mixed mode windows-amd64 compressed oops)
Heap:
 PSYoungGen      total 484352K, used 186718K [0x00000000d5d00000, 0x00000000f6480000, 0x0000000100000000)
  eden space 470528K, 36% used [0x00000000d5d00000,0x00000000e062fc18,0x00000000f2880000)
  from space 13824K, 97% used [0x00000000f5700000,0x00000000f6427ed8,0x00000000f6480000)
  to   space 18432K, 0% used [0x00000000f4080000,0x00000000f4080000,0x00000000f5280000)
 ParOldGen       total 113664K, used 44166K [0x0000000081600000, 0x0000000088500000, 0x00000000d5d00000)
  object space 113664K, 38% used [0x0000000081600000,0x0000000084121890,0x0000000088500000)
 Metaspace       used 67073K, capacity 67928K, committed 68440K, reserved 1110016K
  class space    used 8554K, capacity 8750K, committed 8832K, reserved 1048576K
GC Heap History (10 events):
Event: 15.514 GC heap before
{Heap before GC invocations=13 (full 2):
 PSYoungGen      total 239616K, used 224256K [0x00000000d5d00000, 0x00000000e7180000, 0x0000000100000000)
  eden space 224256K, 100% used [0x00000000d5d00000,0x00000000e3800000,0x00000000e3800000)
  from space 15360K, 0% used [0x00000000e4680000,0x00000000e4680000,0x00000000e5580000)
  to   space 14848K, 0% used [0x00000000e3800000,0x00000000e3800000,0x00000000e4680000)
 ParOldGen       total 78848K, used 21503K [0x0000000081600000, 0x0000000086300000, 0x00000000d5d00000)
  object space 78848K, 27% used [0x0000000081600000,0x0000000082afff98,0x0000000086300000)
 Metaspace       used 49766K, capacity 50304K, committed 50944K, reserved 1093632K
  class space    used 6420K, capacity 6557K, committed 6656K, reserved 1048576K
Event: 15.546 GC heap after
Heap after GC invocations=13 (full 2):
 PSYoungGen      total 239104K, used 14827K [0x00000000d5d00000, 0x00000000ecd80000, 0x0000000100000000)
  eden space 224256K, 0% used [0x00000000d5d00000,0x00000000d5d00000,0x00000000e3800000)
  from space 14848K, 99% used [0x00000000e3800000,0x00000000e467aca8,0x00000000e4680000)
  to   space 18432K, 0% used [0x00000000ebb80000,0x00000000ebb80000,0x00000000ecd80000)
 ParOldGen       total 78848K, used 26251K [0x0000000081600000, 0x0000000086300000, 0x00000000d5d00000)
  object space 78848K, 33% used [0x0000000081600000,0x0000000082fa2df0,0x0000000086300000)
 Metaspace       used 49766K, capacity 50304K, committed 50944K, reserved 1093632K
  class space    used 6420K, capacity 6557K, committed 6656K, reserved 1048576K
}
Event: 17.617 GC heap before
{Heap before GC invocations=14 (full 2):
 PSYoungGen      total 239104K, used 239083K [0x00000000d5d00000, 0x00000000ecd80000, 0x0000000100000000)
  eden space 224256K, 100% used [0x00000000d5d00000,0x00000000e3800000,0x00000000e3800000)
  from space 14848K, 99% used [0x00000000e3800000,0x00000000e467aca8,0x00000000e4680000)
  to   space 18432K, 0% used [0x00000000ebb80000,0x00000000ebb80000,0x00000000ecd80000)
 ParOldGen       total 78848K, used 26251K [0x0000000081600000, 0x0000000086300000, 0x00000000d5d00000)
  object space 78848K, 33% used [0x0000000081600000,0x0000000082fa2df0,0x0000000086300000)
 Metaspace       used 53190K, capacity 53744K, committed 54144K, reserved 1095680K
  class space    used 6869K, capacity 6997K, committed 7040K, reserved 1048576K
Event: 17.696 GC heap after
Heap after GC invocations=14 (full 2):
 PSYoungGen      total 352768K, used 10529K [0x00000000d5d00000, 0x00000000eca80000, 0x0000000100000000)
  eden space 337408K, 0% used [0x00000000d5d00000,0x00000000d5d00000,0x00000000ea680000)
  from space 15360K, 68% used [0x00000000ebb80000,0x00000000ec5c85e0,0x00000000eca80000)
  to   space 18432K, 0% used [0x00000000ea680000,0x00000000ea680000,0x00000000eb880000)
 ParOldGen       total 78848K, used 34751K [0x0000000081600000, 0x0000000086300000, 0x00000000d5d00000)
  object space 78848K, 44% used [0x0000000081600000,0x00000000837efd50,0x0000000086300000)
 Metaspace       used 53190K, capacity 53744K, committed 54144K, reserved 1095680K
  class space    used 6869K, capacity 6997K, committed 7040K, reserved 1048576K
}
Event: 19.553 GC heap before
{Heap before GC invocations=15 (full 2):
 PSYoungGen      total 352768K, used 190620K [0x00000000d5d00000, 0x00000000eca80000, 0x0000000100000000)
  eden space 337408K, 53% used [0x00000000d5d00000,0x00000000e0cdec60,0x00000000ea680000)
  from space 15360K, 68% used [0x00000000ebb80000,0x00000000ec5c85e0,0x00000000eca80000)
  to   space 18432K, 0% used [0x00000000ea680000,0x00000000ea680000,0x00000000eb880000)
 ParOldGen       total 78848K, used 34751K [0x0000000081600000, 0x0000000086300000, 0x00000000d5d00000)
  object space 78848K, 44% used [0x0000000081600000,0x00000000837efd50,0x0000000086300000)
 Metaspace       used 57902K, capacity 58560K, committed 59096K, reserved 1101824K
  class space    used 7514K, capacity 7652K, committed 7680K, reserved 1048576K
Event: 19.576 GC heap after
Heap after GC invocations=15 (full 2):
 PSYoungGen      total 355840K, used 8835K [0x00000000d5d00000, 0x00000000f6800000, 0x0000000100000000)
  eden space 337408K, 0% used [0x00000000d5d00000,0x00000000d5d00000,0x00000000ea680000)
  from space 18432K, 47% used [0x00000000ea680000,0x00000000eaf20fb8,0x00000000eb880000)
  to   space 17408K, 0% used [0x00000000f5700000,0x00000000f5700000,0x00000000f6800000)
 ParOldGen       total 78848K, used 41859K [0x0000000081600000, 0x0000000086300000, 0x00000000d5d00000)
  object space 78848K, 53% used [0x0000000081600000,0x0000000083ee0da0,0x0000000086300000)
 Metaspace       used 57902K, capacity 58560K, committed 59096K, reserved 1101824K
  class space    used 7514K, capacity 7652K, committed 7680K, reserved 1048576K
}
Event: 19.576 GC heap before
{Heap before GC invocations=16 (full 3):
 PSYoungGen      total 355840K, used 8835K [0x00000000d5d00000, 0x00000000f6800000, 0x0000000100000000)
  eden space 337408K, 0% used [0x00000000d5d00000,0x00000000d5d00000,0x00000000ea680000)
  from space 18432K, 47% used [0x00000000ea680000,0x00000000eaf20fb8,0x00000000eb880000)
  to   space 17408K, 0% used [0x00000000f5700000,0x00000000f5700000,0x00000000f6800000)
 ParOldGen       total 78848K, used 41859K [0x0000000081600000, 0x0000000086300000, 0x00000000d5d00000)
  object space 78848K, 53% used [0x0000000081600000,0x0000000083ee0da0,0x0000000086300000)
 Metaspace       used 57902K, capacity 58560K, committed 59096K, reserved 1101824K
  class space    used 7514K, capacity 7652K, committed 7680K, reserved 1048576K
Event: 19.947 GC heap after
Heap after GC invocations=16 (full 3):
 PSYoungGen      total 355840K, used 0K [0x00000000d5d00000, 0x00000000f6800000, 0x0000000100000000)
  eden space 337408K, 0% used [0x00000000d5d00000,0x00000000d5d00000,0x00000000ea680000)
  from space 18432K, 0% used [0x00000000ea680000,0x00000000ea680000,0x00000000eb880000)
  to   space 17408K, 0% used [0x00000000f5700000,0x00000000f5700000,0x00000000f6800000)
 ParOldGen       total 113664K, used 44150K [0x0000000081600000, 0x0000000088500000, 0x00000000d5d00000)
  object space 113664K, 38% used [0x0000000081600000,0x000000008411d890,0x0000000088500000)
 Metaspace       used 57902K, capacity 58560K, committed 59096K, reserved 1101824K
  class space    used 7514K, capacity 7652K, committed 7680K, reserved 1048576K
}
Event: 2220.580 GC heap before
{Heap before GC invocations=17 (full 3):
 PSYoungGen      total 355840K, used 337408K [0x00000000d5d00000, 0x00000000f6800000, 0x0000000100000000)
  eden space 337408K, 100% used [0x00000000d5d00000,0x00000000ea680000,0x00000000ea680000)
  from space 18432K, 0% used [0x00000000ea680000,0x00000000ea680000,0x00000000eb880000)
  to   space 17408K, 0% used [0x00000000f5700000,0x00000000f5700000,0x00000000f6800000)
 ParOldGen       total 113664K, used 44150K [0x0000000081600000, 0x0000000088500000, 0x00000000d5d00000)
  object space 113664K, 38% used [0x0000000081600000,0x000000008411d890,0x0000000088500000)
 Metaspace       used 67065K, capacity 67864K, committed 68440K, reserved 1110016K
  class space    used 8553K, capacity 8750K, committed 8832K, reserved 1048576K
Event: 2220.606 GC heap after
Heap after GC invocations=17 (full 3):
 PSYoungGen      total 484352K, used 13471K [0x00000000d5d00000, 0x00000000f6480000, 0x0000000100000000)
  eden space 470528K, 0% used [0x00000000d5d00000,0x00000000d5d00000,0x00000000f2880000)
  from space 13824K, 97% used [0x00000000f5700000,0x00000000f6427ed8,0x00000000f6480000)
  to   space 18432K, 0% used [0x00000000f4080000,0x00000000f4080000,0x00000000f5280000)
 ParOldGen       total 113664K, used 44166K [0x0000000081600000, 0x0000000088500000, 0x00000000d5d00000)
  object space 113664K, 38% used [0x0000000081600000,0x0000000084121890,0x0000000088500000)
 Metaspace       used 67065K, capacity 67864K, committed 68440K, reserved 1110016K
  class space    used 8553K, capacity 8750K, committed 8832K, reserved 1048576K
}

