# JRE version: Java(TM) SE Runtime Environment (8.0_121-b13) (build 1.8.0_121-b13)
# Java VM: Java HotSpot(TM) 64-Bit Server VM (25.121-b13 mixed mode windows-amd64 compressed oops)
Heap:
 PSYoungGen      total 285696K, used 189124K [0x00000000d5d00000, 0x00000000f0a00000, 0x0000000100000000)
  eden space 271872K, 64% used [0x00000000d5d00000,0x00000000e0836b18,0x00000000e6680000)
  from space 13824K, 99% used [0x00000000e6680000,0x00000000e73fa7e8,0x00000000e7400000)
  to   space 19968K, 0% used [0x00000000ef680000,0x00000000ef680000,0x00000000f0a00000)
 ParOldGen       total 77312K, used 33288K [0x0000000081600000, 0x0000000086180000, 0x00000000d5d00000)
  object space 77312K, 43% used [0x0000000081600000,0x00000000836820b8,0x0000000086180000)
 Metaspace       used 56802K, capacity 57378K, committed 57856K, reserved 1099776K
  class space    used 7188K, capacity 7314K, committed 7424K, reserved 1048576K
GC Heap History (10 events):
Event: 25.343 GC heap before
{Heap before GC invocations=9 (full 1):
 PSYoungGen      total 119808K, used 117770K [0x00000000d5d00000, 0x00000000e2800000, 0x0000000100000000)
  eden space 108544K, 100% used [0x00000000d5d00000,0x00000000dc700000,0x00000000dc700000)
  from space 11264K, 81% used [0x00000000dc700000,0x00000000dd002958,0x00000000dd200000)
  to   space 11776K, 0% used [0x00000000e1c80000,0x00000000e1c80000,0x00000000e2800000)
 ParOldGen       total 58880K, used 9079K [0x0000000081600000, 0x0000000084f80000, 0x00000000d5d00000)
  object space 58880K, 15% used [0x0000000081600000,0x0000000081eddf30,0x0000000084f80000)
 Metaspace       used 31962K, capacity 32328K, committed 32512K, reserved 1077248K
  class space    used 3999K, capacity 4083K, committed 4096K, reserved 1048576K
Event: 25.637 GC heap after
Heap after GC invocations=9 (full 1):
 PSYoungGen      total 194048K, used 11769K [0x00000000d5d00000, 0x00000000e3580000, 0x0000000100000000)
  eden space 182272K, 0% used [0x00000000d5d00000,0x00000000d5d00000,0x00000000e0f00000)
  from space 11776K, 99% used [0x00000000e1c80000,0x00000000e27fe7c8,0x00000000e2800000)
  to   space 13824K, 0% used [0x00000000e0f00000,0x00000000e0f00000,0x00000000e1c80000)
 ParOldGen       total 58880K, used 10252K [0x0000000081600000, 0x0000000084f80000, 0x00000000d5d00000)
  object space 58880K, 17% used [0x0000000081600000,0x00000000820032f8,0x0000000084f80000)
 Metaspace       used 31962K, capacity 32328K, committed 32512K, reserved 1077248K
  class space    used 3999K, capacity 4083K, committed 4096K, reserved 1048576K
}
Event: 26.944 GC heap before
{Heap before GC invocations=10 (full 1):
 PSYoungGen      total 194048K, used 98081K [0x00000000d5d00000, 0x00000000e3580000, 0x0000000100000000)
  eden space 182272K, 47% used [0x00000000d5d00000,0x00000000db149fc0,0x00000000e0f00000)
  from space 11776K, 99% used [0x00000000e1c80000,0x00000000e27fe7c8,0x00000000e2800000)
  to   space 13824K, 0% used [0x00000000e0f00000,0x00000000e0f00000,0x00000000e1c80000)
 ParOldGen       total 58880K, used 10252K [0x0000000081600000, 0x0000000084f80000, 0x00000000d5d00000)
  object space 58880K, 17% used [0x0000000081600000,0x00000000820032f8,0x0000000084f80000)
 Metaspace       used 34937K, capacity 35236K, committed 35456K, reserved 1081344K
  class space    used 4357K, capacity 4445K, committed 4480K, reserved 1048576K
Event: 27.134 GC heap after
Heap after GC invocations=10 (full 1):
 PSYoungGen      total 196096K, used 10101K [0x00000000d5d00000, 0x00000000e8300000, 0x0000000100000000)
  eden space 182272K, 0% used [0x00000000d5d00000,0x00000000d5d00000,0x00000000e0f00000)
  from space 13824K, 73% used [0x00000000e0f00000,0x00000000e18dd450,0x00000000e1c80000)
  to   space 13824K, 0% used [0x00000000e7580000,0x00000000e7580000,0x00000000e8300000)
 ParOldGen       total 58880K, used 13856K [0x0000000081600000, 0x0000000084f80000, 0x00000000d5d00000)
  object space 58880K, 23% used [0x0000000081600000,0x0000000082388338,0x0000000084f80000)
 Metaspace       used 34937K, capacity 35236K, committed 35456K, reserved 1081344K
  class space    used 4357K, capacity 4445K, committed 4480K, reserved 1048576K
}
Event: 27.134 GC heap before
{Heap before GC invocations=11 (full 2):
 PSYoungGen      total 196096K, used 10101K [0x00000000d5d00000, 0x00000000e8300000, 0x0000000100000000)
  eden space 182272K, 0% used [0x00000000d5d00000,0x00000000d5d00000,0x00000000e0f00000)
  from space 13824K, 73% used [0x00000000e0f00000,0x00000000e18dd450,0x00000000e1c80000)
  to   space 13824K, 0% used [0x00000000e7580000,0x00000000e7580000,0x00000000e8300000)
 ParOldGen       total 58880K, used 13856K [0x0000000081600000, 0x0000000084f80000, 0x00000000d5d00000)
  object space 58880K, 23% used [0x0000000081600000,0x0000000082388338,0x0000000084f80000)
 Metaspace       used 34937K, capacity 35236K, committed 35456K, reserved 1081344K
  class space    used 4357K, capacity 4445K, committed 4480K, reserved 1048576K
Event: 27.367 GC heap after
Heap after GC invocations=11 (full 2):
 PSYoungGen      total 196096K, used 0K [0x00000000d5d00000, 0x00000000e8300000, 0x0000000100000000)
  eden space 182272K, 0% used [0x00000000d5d00000,0x00000000d5d00000,0x00000000e0f00000)
  from space 13824K, 0% used [0x00000000e0f00000,0x00000000e0f00000,0x00000000e1c80000)
  to   space 13824K, 0% used [0x00000000e7580000,0x00000000e7580000,0x00000000e8300000)
 ParOldGen       total 77312K, used 21024K [0x0000000081600000, 0x0000000086180000, 0x00000000d5d00000)
  object space 77312K, 27% used [0x0000000081600000,0x0000000082a882b8,0x0000000086180000)
 Metaspace       used 34937K, capacity 35236K, committed 35456K, reserved 1081344K
  class space    used 4357K, capacity 4445K, committed 4480K, reserved 1048576K
}
Event: 32.256 GC heap before
{Heap before GC invocations=12 (full 2):
 PSYoungGen      total 196096K, used 182272K [0x00000000d5d00000, 0x00000000e8300000, 0x0000000100000000)
  eden space 182272K, 100% used [0x00000000d5d00000,0x00000000e0f00000,0x00000000e0f00000)
  from space 13824K, 0% used [0x00000000e0f00000,0x00000000e0f00000,0x00000000e1c80000)
  to   space 13824K, 0% used [0x00000000e7580000,0x00000000e7580000,0x00000000e8300000)
 ParOldGen       total 77312K, used 21024K [0x0000000081600000, 0x0000000086180000, 0x00000000d5d00000)
  object space 77312K, 27% used [0x0000000081600000,0x0000000082a882b8,0x0000000086180000)
 Metaspace       used 38207K, capacity 38594K, committed 38912K, reserved 1083392K
  class space    used 4721K, capacity 4834K, committed 4864K, reserved 1048576K
Event: 32.272 GC heap after
Heap after GC invocations=12 (full 2):
 PSYoungGen      total 284160K, used 7161K [0x00000000d5d00000, 0x00000000e8180000, 0x0000000100000000)
  eden space 271872K, 0% used [0x00000000d5d00000,0x00000000d5d00000,0x00000000e6680000)
  from space 12288K, 58% used [0x00000000e7580000,0x00000000e7c7e678,0x00000000e8180000)
  to   space 13824K, 0% used [0x00000000e6680000,0x00000000e6680000,0x00000000e7400000)
 ParOldGen       total 77312K, used 21032K [0x0000000081600000, 0x0000000086180000, 0x00000000d5d00000)
  object space 77312K, 27% used [0x0000000081600000,0x0000000082a8a2b8,0x0000000086180000)
 Metaspace       used 38207K, capacity 38594K, committed 38912K, reserved 1083392K
  class space    used 4721K, capacity 4834K, committed 4864K, reserved 1048576K
}
Event: 39.220 GC heap before
{Heap before GC invocations=13 (full 2):
 PSYoungGen      total 284160K, used 279033K [0x00000000d5d00000, 0x00000000e8180000, 0x0000000100000000)
  eden space 271872K, 100% used [0x00000000d5d00000,0x00000000e6680000,0x00000000e6680000)
  from space 12288K, 58% used [0x00000000e7580000,0x00000000e7c7e678,0x00000000e8180000)
  to   space 13824K, 0% used [0x00000000e6680000,0x00000000e6680000,0x00000000e7400000)
 ParOldGen       total 77312K, used 21032K [0x0000000081600000, 0x0000000086180000, 0x00000000d5d00000)
  object space 77312K, 27% used [0x0000000081600000,0x0000000082a8a2b8,0x0000000086180000)
 Metaspace       used 54188K, capacity 54654K, committed 55168K, reserved 1097728K
  class space    used 6880K, capacity 7004K, committed 7040K, reserved 1048576K
Event: 39.276 GC heap after
Heap after GC invocations=13 (full 2):
 PSYoungGen      total 285696K, used 13801K [0x00000000d5d00000, 0x00000000f0a00000, 0x0000000100000000)
  eden space 271872K, 0% used [0x00000000d5d00000,0x00000000d5d00000,0x00000000e6680000)
  from space 13824K, 99% used [0x00000000e6680000,0x00000000e73fa7e8,0x00000000e7400000)
  to   space 19968K, 0% used [0x00000000ef680000,0x00000000ef680000,0x00000000f0a00000)
 ParOldGen       total 77312K, used 33288K [0x0000000081600000, 0x0000000086180000, 0x00000000d5d00000)
  object space 77312K, 43% used [0x0000000081600000,0x00000000836820b8,0x0000000086180000)
 Metaspace       used 54188K, capacity 54654K, committed 55168K, reserved 1097728K
  class space    used 6880K, capacity 7004K, committed 7040K, reserved 1048576K
}

